<?xml version="1.0" encoding="UTF-8"?>
<!-- Generated by org.testng.reporters.JUnitReportReporter -->
<testsuite hostname="D234Q22" name="org.etclite.maventest.etclite_maventest" tests="4" failures="0" timestamp="2 Aug 2019 01:06:32 GMT" time="0.051" errors="0">
  <testcase name="div" time="0.050" classname="org.etclite.maventest.etclite_maventest"/>
  <testcase name="sum" time="0.001" classname="org.etclite.maventest.etclite_maventest"/>
  <testcase name="sub" time="0.000" classname="org.etclite.maventest.etclite_maventest"/>
  <testcase name="mul" time="0.000" classname="org.etclite.maventest.etclite_maventest"/>
</testsuite> <!-- org.etclite.maventest.etclite_maventest -->
